0 info it worked if it ends with ok
1 verbose cli [ '/usr/local/bin/node', '/usr/local/bin/npm', 'run', 'watch' ]
2 info using npm@4.0.5
3 info using node@v7.4.0
4 verbose run-script [ 'prewatch', 'watch', 'postwatch' ]
5 info lifecycle turnerabend@1.0.0~prewatch: turnerabend@1.0.0
6 silly lifecycle turnerabend@1.0.0~prewatch: no script for prewatch, continuing
7 info lifecycle turnerabend@1.0.0~watch: turnerabend@1.0.0
8 verbose lifecycle turnerabend@1.0.0~watch: unsafe-perm in lifecycle true
9 verbose lifecycle turnerabend@1.0.0~watch: PATH: /usr/local/lib/node_modules/npm/bin/node-gyp-bin:/Users/janikvonrotz/LocalDrive/turnerabend/node_modules/.bin:/Users/janikvonrotz/.rbenv/shims:/Users/janikvonrotz/.rbenv/shims:/usr/local/bin:/usr/bin:/bin:/usr/sbin:/sbin
10 verbose lifecycle turnerabend@1.0.0~watch: CWD: /Users/janikvonrotz/LocalDrive/turnerabend
11 silly lifecycle turnerabend@1.0.0~watch: Args: [ '-c', 'gulp watch' ]
12 silly lifecycle turnerabend@1.0.0~watch: Returned: code: 1  signal: null
13 info lifecycle turnerabend@1.0.0~watch: Failed to exec watch script
14 verbose stack Error: turnerabend@1.0.0 watch: `gulp watch`
14 verbose stack Exit status 1
14 verbose stack     at EventEmitter.<anonymous> (/usr/local/lib/node_modules/npm/lib/utils/lifecycle.js:279:16)
14 verbose stack     at emitTwo (events.js:106:13)
14 verbose stack     at EventEmitter.emit (events.js:191:7)
14 verbose stack     at ChildProcess.<anonymous> (/usr/local/lib/node_modules/npm/lib/utils/spawn.js:40:14)
14 verbose stack     at emitTwo (events.js:106:13)
14 verbose stack     at ChildProcess.emit (events.js:191:7)
14 verbose stack     at maybeClose (internal/child_process.js:885:16)
14 verbose stack     at Process.ChildProcess._handle.onexit (internal/child_process.js:226:5)
15 verbose pkgid turnerabend@1.0.0
16 verbose cwd /Users/janikvonrotz/LocalDrive/turnerabend
17 error Darwin 16.6.0
18 error argv "/usr/local/bin/node" "/usr/local/bin/npm" "run" "watch"
19 error node v7.4.0
20 error npm  v4.0.5
21 error code ELIFECYCLE
22 error turnerabend@1.0.0 watch: `gulp watch`
22 error Exit status 1
23 error Failed at the turnerabend@1.0.0 watch script 'gulp watch'.
23 error Make sure you have the latest version of node.js and npm installed.
23 error If you do, this is most likely a problem with the turnerabend package,
23 error not with npm itself.
23 error Tell the author that this fails on your system:
23 error     gulp watch
23 error You can get information on how to open an issue for this project with:
23 error     npm bugs turnerabend
23 error Or if that isn't available, you can get their info via:
23 error     npm owner ls turnerabend
23 error There is likely additional logging output above.
24 verbose exit [ 1, true ]
